Removed Pin From Net: NetName=NetR15_1 Pin=R15-1
Removed Pin From Net: NetName=NetR19_1 Pin=R19-1
Removed Pin From Net: NetName=NetR21_1 Pin=R21-1
Removed Pin From Net: NetName=NetR222_1 Pin=R222-1
Removed Member From Class: ClassName=USB Member=R18
Removed Member From Class: ClassName=USB Member=R19
Removed Member From Class: ClassName=USB Member=R20
Added Pin To Net: NetName=NetR21_1 Pin=R15-1
Added Pin To Net: NetName=NetR222_1 Pin=R19-1
Added Pin To Net: NetName=NetR19_1 Pin=R21-1
Added Pin To Net: NetName=NetR15_1 Pin=R222-1
Added Pin To Net: NetName=NetR222_1 Pin=U1-11
Added Pin To Net: NetName=NetR21_1 Pin=U1-12
Added Pin To Net: NetName=NetR19_1 Pin=U1-13
Added Pin To Net: NetName=NetR15_1 Pin=U1-16
Change Net Name : Old Net Name=NetR15_1 New Net Name=PROBE_S4
Change Net Name : Old Net Name=NetR19_1 New Net Name=PROBE_S3
Change Net Name : Old Net Name=NetR21_1 New Net Name=PROBE_S2
Change Net Name : Old Net Name=NetR222_1 New Net Name=PROBE_S1
Change Net Name : Old Net Name=OLED_SDI New Net Name=NetU1_17
