Removed Pin From Net: NetName=GND Pin=C7-2
Removed Pin From Net: NetName=GND Pin=C8-2
Removed Pin From Net: NetName=GND Pin=KEY-0
Removed Pin From Net: NetName=GND Pin=KEY-0
Removed Pin From Net: NetName=GND Pin=KEY-0
Removed Pin From Net: NetName=GND Pin=KEY-0
Removed Pin From Net: NetName=GND Pin=KEY_D-0
Removed Pin From Net: NetName=GND Pin=KEY_D-0
Removed Pin From Net: NetName=GND Pin=KEY_U-0
Removed Pin From Net: NetName=GND Pin=KEY_U-0
Removed Pin From Net: NetName=GND Pin=OLED_0.96-11
Removed Pin From Net: NetName=GND Pin=OLED_0.96-12
Removed Pin From Net: NetName=GND Pin=OLED_0.96-17
Removed Pin From Net: NetName=3V3 Pin=STM32-1
Removed Pin From Net: NetName=LED_B Pin=STM32-2
Removed Pin From Net: NetName=LED_G Pin=STM32-3
Removed Pin From Net: NetName=LED_R Pin=STM32-4
Removed Pin From Net: NetName=RST Pin=STM32-7
Removed Pin From Net: NetName=GND Pin=STM32-8
Removed Pin From Net: NetName=VDDA Pin=STM32-9
Removed Pin From Net: NetName=KEY_U Pin=STM32-10
Removed Pin From Net: NetName=OLED_DC Pin=STM32-11
Removed Pin From Net: NetName=OLED_RST Pin=STM32-12
Removed Pin From Net: NetName=PROBE_I2 Pin=STM32-13
Removed Pin From Net: NetName=OLED_CS Pin=STM32-14
Removed Pin From Net: NetName=OLED_SCK Pin=STM32-15
Removed Pin From Net: NetName=PROBE_O2 Pin=STM32-16
Removed Pin From Net: NetName=OLED_SDI Pin=STM32-17
Removed Pin From Net: NetName=PROBE_O1 Pin=STM32-18
Removed Pin From Net: NetName=PROBE_I1 Pin=STM32-19
Removed Pin From Net: NetName=KEY_D Pin=STM32-20
Removed Pin From Net: NetName=EXP_01 Pin=STM32-21
Removed Pin From Net: NetName=EXP_02 Pin=STM32-22
Removed Pin From Net: NetName=GND Pin=STM32-23
Removed Pin From Net: NetName=3V3 Pin=STM32-24
Removed Pin From Net: NetName=EXP_03 Pin=STM32-25
Removed Pin From Net: NetName=EXP_04 Pin=STM32-26
Removed Pin From Net: NetName=EXP_05 Pin=STM32-27
Removed Pin From Net: NetName=EXP_06 Pin=STM32-28
Removed Pin From Net: NetName=NetSTM32_29 Pin=STM32-29
Removed Pin From Net: NetName=EXP_07 Pin=STM32-30
Removed Pin From Net: NetName=EXP_08 Pin=STM32-31
Removed Pin From Net: NetName=USB_DM Pin=STM32-32
Removed Pin From Net: NetName=USB_DP Pin=STM32-33
Removed Pin From Net: NetName=SW_DIO Pin=STM32-34
Removed Pin From Net: NetName=GND Pin=STM32-35
Removed Pin From Net: NetName=3V3 Pin=STM32-36
Removed Pin From Net: NetName=SW_CLK Pin=STM32-37
Removed Pin From Net: NetName=EXP_ID1 Pin=STM32-38
Removed Pin From Net: NetName=EXP_ID2 Pin=STM32-39
Removed Pin From Net: NetName=NetSTM32_40 Pin=STM32-40
Removed Pin From Net: NetName=NetSTM32_41 Pin=STM32-41
Removed Pin From Net: NetName=BUZZER Pin=STM32-42
Removed Pin From Net: NetName=KEY_L Pin=STM32-43
Removed Pin From Net: NetName=BOOT0 Pin=STM32-44
Removed Pin From Net: NetName=KEY_P Pin=STM32-45
Removed Pin From Net: NetName=KEY_R Pin=STM32-46
Removed Pin From Net: NetName=GND Pin=STM32-47
Removed Pin From Net: NetName=3V3 Pin=STM32-48
Added Component: Designator=U1(LQFP48_N)
Added Pin To Net: NetName=LED_B Pin=U1-2
Added Pin To Net: NetName=LED_G Pin=U1-3
Added Pin To Net: NetName=LED_R Pin=U1-4
Added Pin To Net: NetName=RST Pin=U1-7
Added Pin To Net: NetName=GND Pin=U1-8
Added Pin To Net: NetName=VDDA Pin=U1-9
Added Pin To Net: NetName=KEY_U Pin=U1-10
Added Pin To Net: NetName=OLED_DC Pin=U1-11
Added Pin To Net: NetName=OLED_RST Pin=U1-12
Added Pin To Net: NetName=PROBE_I2 Pin=U1-13
Added Pin To Net: NetName=OLED_CS Pin=U1-14
Added Pin To Net: NetName=OLED_SCK Pin=U1-15
Added Pin To Net: NetName=PROBE_O2 Pin=U1-16
Added Pin To Net: NetName=OLED_SDI Pin=U1-17
Added Pin To Net: NetName=PROBE_O1 Pin=U1-18
Added Pin To Net: NetName=PROBE_I1 Pin=U1-19
Added Pin To Net: NetName=KEY_D Pin=U1-20
Added Pin To Net: NetName=EXP_01 Pin=U1-21
Added Pin To Net: NetName=EXP_02 Pin=U1-22
Added Pin To Net: NetName=GND Pin=U1-23
Added Pin To Net: NetName=3V3 Pin=U1-24
Added Pin To Net: NetName=EXP_03 Pin=U1-25
Added Pin To Net: NetName=EXP_04 Pin=U1-26
Added Pin To Net: NetName=EXP_05 Pin=U1-27
Added Pin To Net: NetName=EXP_06 Pin=U1-28
Added Pin To Net: NetName=NetSTM32_29 Pin=U1-29
Added Pin To Net: NetName=EXP_07 Pin=U1-30
Added Pin To Net: NetName=EXP_08 Pin=U1-31
Added Pin To Net: NetName=USB_DM Pin=U1-32
Added Pin To Net: NetName=USB_DP Pin=U1-33
Added Pin To Net: NetName=SW_DIO Pin=U1-34
Added Pin To Net: NetName=GND Pin=U1-35
Added Pin To Net: NetName=3V3 Pin=U1-36
Added Pin To Net: NetName=SW_CLK Pin=U1-37
Added Pin To Net: NetName=EXP_ID1 Pin=U1-38
Added Pin To Net: NetName=EXP_ID2 Pin=U1-39
Added Pin To Net: NetName=NetSTM32_40 Pin=U1-40
Added Pin To Net: NetName=NetSTM32_41 Pin=U1-41
Added Pin To Net: NetName=BUZZER Pin=U1-42
Added Pin To Net: NetName=KEY_L Pin=U1-43
Added Pin To Net: NetName=BOOT0 Pin=U1-44
Added Pin To Net: NetName=KEY_P Pin=U1-45
Added Pin To Net: NetName=KEY_R Pin=U1-46
Added Pin To Net: NetName=GND Pin=U1-47
Added Pin To Net: NetName=3V3 Pin=U1-48
Change Net Name : Old Net Name=NetSTM32_29 New Net Name=NetU1_29
Change Net Name : Old Net Name=NetSTM32_40 New Net Name=NetU1_40
Change Net Name : Old Net Name=NetSTM32_41 New Net Name=NetU1_41
Added Pin To Net: NetName=NetOLED_0.96_11 Pin=OLED_0.96-11
Added Pin To Net: NetName=NetOLED_0.96_11 Pin=OLED_0.96-12
Added Pin To Net: NetName=NetOLED_0.96_11 Pin=OLED_0.96-17
Added Net: Name=NetOLED_0.96_11
Added Member To Class: ClassName=MCU Member=Component U1 STM32L151C8T6
