Removed Pin From Net: NetName=GND Pin=C7-2
Removed Pin From Net: NetName=GND Pin=C8-2
Removed Pin From Net: NetName=GND Pin=KEY-0
Removed Pin From Net: NetName=GND Pin=KEY-0
Removed Pin From Net: NetName=GND Pin=KEY-0
Removed Pin From Net: NetName=GND Pin=KEY-0
Removed Pin From Net: NetName=GND Pin=KEY_D-0
Removed Pin From Net: NetName=GND Pin=KEY_D-0
Removed Pin From Net: NetName=GND Pin=KEY_U-0
Removed Pin From Net: NetName=GND Pin=KEY_U-0
Removed Pin From Net: NetName=GND Pin=OLED_0.96-11
Removed Pin From Net: NetName=GND Pin=OLED_0.96-12
Removed Pin From Net: NetName=GND Pin=OLED_0.96-17
Removed Pin From Net: NetName=3V3 Pin=STM32-1
Removed Pin From Net: NetName=LED_B Pin=STM32-2
Removed Pin From Net: NetName=LED_G Pin=STM32-3
Removed Pin From Net: NetName=LED_R Pin=STM32-4
Removed Pin From Net: NetName=RST Pin=STM32-7
Removed Pin From Net: NetName=GND Pin=STM32-8
Removed Pin From Net: NetName=VDDA Pin=STM32-9
Removed Pin From Net: NetName=KEY_U Pin=STM32-10
Removed Pin From Net: NetName=OLED_DC Pin=STM32-11
Removed Pin From Net: NetName=OLED_RST Pin=STM32-12
Removed Pin From Net: NetName=PROBE_I2 Pin=STM32-13
Removed Pin From Net: NetName=OLED_CS Pin=STM32-14
Removed Pin From Net: NetName=OLED_SCK Pin=STM32-15
Removed Pin From Net: NetName=PROBE_O2 Pin=STM32-16
Removed Pin From Net: NetName=OLED_SDI Pin=STM32-17
Removed Pin From Net: NetName=PROBE_O1 Pin=STM32-18
Removed Pin From Net: NetName=PROBE_I1 Pin=STM32-19
Removed Pin From Net: NetName=KEY_D Pin=STM32-20
Removed Pin From Net: NetName=EXP_01 Pin=STM32-21
Removed Pin From Net: NetName=EXP_02 Pin=STM32-22
Removed Pin From Net: NetName=GND Pin=STM32-23
Removed Pin From Net: NetName=3V3 Pin=STM32-24
Removed Pin From Net: NetName=EXP_03 Pin=STM32-25
Removed Pin From Net: NetName=EXP_04 Pin=STM32-26
Removed Pin From Net: NetName=EXP_05 Pin=STM32-27
Removed Pin From Net: NetName=EXP_06 Pin=STM32-28
Removed Pin From Net: NetName=NetSTM32_29 Pin=STM32-29
Removed Pin From Net: NetName=EXP_07 Pin=STM32-30
Removed Pin From Net: NetName=EXP_08 Pin=STM32-31
Removed Pin From Net: NetName=USB_DM Pin=STM32-32
Removed Pin From Net: NetName=USB_DP Pin=STM32-33
Removed Pin From Net: NetName=SW_DIO Pin=STM32-34
Removed Pin From Net: NetName=GND Pin=STM32-35
Removed Pin From Net: NetName=3V3 Pin=STM32-36
Removed Pin From Net: NetName=SW_CLK Pin=STM32-37
Removed Pin From Net: NetName=EXP_ID1 Pin=STM32-38
Removed Pin From Net: NetName=EXP_ID2 Pin=STM32-39
Removed Pin From Net: NetName=NetSTM32_40 Pin=STM32-40
Removed Pin From Net: NetName=NetSTM32_41 Pin=STM32-41
Removed Pin From Net: NetName=BUZZER Pin=STM32-42
Removed Pin From Net: NetName=KEY_L Pin=STM32-43
Removed Pin From Net: NetName=BOOT0 Pin=STM32-44
Removed Pin From Net: NetName=KEY_P Pin=STM32-45
Removed Pin From Net: NetName=KEY_R Pin=STM32-46
Removed Pin From Net: NetName=GND Pin=STM32-47
Removed Pin From Net: NetName=3V3 Pin=STM32-48
Change Net Name : Old Net Name=NetSTM32_29 New Net Name=NetU1_29
Change Net Name : Old Net Name=NetSTM32_40 New Net Name=NetU1_40
Change Net Name : Old Net Name=NetSTM32_41 New Net Name=NetU1_41
Added Pin To Net: NetName=NetOLED_0.96_11 Pin=OLED_0.96-11
Added Pin To Net: NetName=NetOLED_0.96_11 Pin=OLED_0.96-12
Added Pin To Net: NetName=NetOLED_0.96_11 Pin=OLED_0.96-17
Added Net: Name=NetOLED_0.96_11
Added Room: Name=BUZZER
Added Room: Name=EXP
Added Room: Name=KEY
Added Room: Name=LED
Added Room: Name=MCU
Added Room: Name=OLED
Added Room: Name=PROBE
Added Room: Name=PWR
Added Room: Name=SWD
Added Room: Name=USB
