Removed Pin From Net: NetName=5V Pin=C1-2
Removed Pin From Net: NetName=3V3 Pin=C4-2
Removed Pin From Net: NetName=3V3 Pin=C5-2
Removed Pin From Net: NetName=3V3 Pin=C6-2
Removed Pin From Net: NetName=GND Pin=C9-1
Removed Pin From Net: NetName=VDDA Pin=C9-2
Removed Pin From Net: NetName=GND Pin=C10-1
Removed Pin From Net: NetName=VDDA Pin=C10-2
Removed Pin From Net: NetName=GND Pin=C11-1
Removed Pin From Net: NetName=RST Pin=C11-2
Removed Pin From Net: NetName=SOUND_OUT Pin=MC_1-1
Removed Pin From Net: NetName=GND Pin=R4-1
Removed Pin From Net: NetName=BOOT0 Pin=R4-2
Removed Pin From Net: NetName=RST Pin=R5-1
Removed Pin From Net: NetName=3V3 Pin=R5-2
Removed Member From Class: ClassName=MCU Member=C9
Removed Member From Class: ClassName=MCU Member=C10
Removed Member From Class: ClassName=MCU Member=C11
Removed Member From Class: ClassName=MCU Member=R4
Removed Member From Class: ClassName=MCU Member=R5
Change Component Designator: OldDesignator=C7 NewDesignator=C12
Change Component Designator: OldDesignator=HDR NewDesignator=HDR1
Change Component Designator: OldDesignator=MircoUSB NewDesignator=MircoUSB1
Change Component Designator: OldDesignator=R1 NewDesignator=R18
Change Component Designator: OldDesignator=R2 NewDesignator=R19
Change Component Designator: OldDesignator=R3 NewDesignator=R20
Change Component Designator: OldDesignator=SP NewDesignator=SP1
Change Component Designator: OldDesignator=SWD NewDesignator=SWD1
Added Component: Designator=C9(CAP_0603)
Added Component: Designator=C10(CAP_0603)
Added Component: Designator=C11(CAP_0603)
Added Component: Designator=C13(CAP_0603)
Added Component: Designator=C14(CAP_0603)
Added Component: Designator=R9(RES_0603)
Added Component: Designator=R21(RES_0603)
Added Component: Designator=R27(RES_0603)
Added Component: Designator=R28(RES_0603)
Added Component: Designator=R30(RES_0603)
Added Pin To Net: NetName=3V3 Pin=C1-2
Added Pin To Net: NetName=3V3 Pin=C3-2
Added Pin To Net: NetName=VDDA Pin=C4-2
Added Pin To Net: NetName=VDDA Pin=C5-2
Added Pin To Net: NetName=RST Pin=C6-2
Added Pin To Net: NetName=GND Pin=C9-1
Added Pin To Net: NetName=5V Pin=C9-2
Added Pin To Net: NetName=GND Pin=C10-1
Added Pin To Net: NetName=3V3 Pin=C10-2
Added Pin To Net: NetName=GND Pin=C11-1
Added Pin To Net: NetName=GND Pin=C14-1
Added Pin To Net: NetName=RST Pin=R8-1
Added Pin To Net: NetName=GND Pin=R9-1
Added Pin To Net: NetName=BOOT0 Pin=R9-2
Added Pin To Net: NetName=3V3 Pin=R21-2
Added Pin To Net: NetName=SOUND_OUT Pin=R22-2
Added Pin To Net: NetName=GND Pin=R28-2
Change Net Name : Old Net Name=NetMircoUSB_2 New Net Name=NetMircoUSB1_2
Change Net Name : Old Net Name=NetMircoUSB_3 New Net Name=NetMircoUSB1_3
Change Net Name : Old Net Name=NetMircoUSB_4 New Net Name=NetMircoUSB1_4
Added Pin To Net: NetName=NetC11_2 Pin=C11-2
Added Pin To Net: NetName=NetC11_2 Pin=SP1-4
Added Net: Name=NetC11_2
Added Pin To Net: NetName=NetC12_2 Pin=C12-2
Added Pin To Net: NetName=NetC12_2 Pin=R21-1
Added Pin To Net: NetName=NetC12_2 Pin=R23-2
Added Pin To Net: NetName=NetC12_2 Pin=R30-2
Added Net: Name=NetC12_2
Added Pin To Net: NetName=NetC13_1 Pin=C13-1
Added Pin To Net: NetName=NetC13_1 Pin=R27-2
Added Pin To Net: NetName=NetC13_1 Pin=R28-1
Added Net: Name=NetC13_1
Added Pin To Net: NetName=NetC14_2 Pin=C14-2
Added Pin To Net: NetName=NetC14_2 Pin=R22-1
Added Pin To Net: NetName=NetC14_2 Pin=U18-5
Added Net: Name=NetC14_2
Added Pin To Net: NetName=NetR24_2 Pin=R24-2
Added Pin To Net: NetName=NetR24_2 Pin=R30-1
Added Pin To Net: NetName=NetR24_2 Pin=U18-2
Added Net: Name=NetR24_2
Added Pin To Net: NetName=NetR27_1 Pin=R27-1
Added Pin To Net: NetName=NetR27_1 Pin=U18-6
Added Pin To Net: NetName=NetR27_1 Pin=U18-7
Added Net: Name=NetR27_1
Added Member To Class: ClassName=MCU Member=Component C1 Cap_0603
Added Member To Class: ClassName=MCU Member=Component C2 Cap_0603
Added Member To Class: ClassName=MCU Member=Component C3 Cap_0603
Added Member To Class: ClassName=U_MicroMultimeter_PHONECNT_Sch Member=Component C13 Cap
Added Member To Class: ClassName=U_MicroMultimeter_PHONECNT_Sch Member=Component C14 Cap
Added Member To Class: ClassName=MCU Member=Component R8 Res_0603
Added Member To Class: ClassName=MCU Member=Component R9 Res_0603
Added Member To Class: ClassName=U_MicroMultimeter_PHONECNT_Sch Member=Component R27 Res_0603
Added Member To Class: ClassName=U_MicroMultimeter_PHONECNT_Sch Member=Component R28 Res_0603
Added Member To Class: ClassName=U_MicroMultimeter_PHONECNT_Sch Member=Component R30 Res_0603
