Removed Pin From Net: NetName=NetR13_2 Pin=R13-2
Removed Pin From Net: NetName=NetR16_2 Pin=R16-2
Removed Pin From Net: NetName=NetR13_2 Pin=U2-9
Removed Pin From Net: NetName=NetR16_2 Pin=U2-13
Removed Pin From Net: NetName=NetU2_14 Pin=U2-14
Change Component Designator: OldDesignator=R12 NewDesignator=R13
Change Component Designator: OldDesignator=R13 NewDesignator=R15
Change Component Designator: OldDesignator=R14 NewDesignator=R17
Change Component Designator: OldDesignator=R15 NewDesignator=R12
Change Component Designator: OldDesignator=R16 NewDesignator=R14
Change Component Designator: OldDesignator=R17 NewDesignator=R16
Added Component: Designator=R19(RES_0603)
Added Component: Designator=R20(RES_0603)
Added Component: Designator=R21(RES_0603)
Added Component: Designator=R22(RES_0603)
Added Component: Designator=R23(RES_0603)
Added Component: Designator=R24(RES_0603)
Added Component: Designator=R25(RES_0603)
Added Component: Designator=R26(RES_0603)
Added Pin To Net: NetName=NetR13_2 Pin=*2-1
Added Pin To Net: NetName=NetR16_2 Pin=*2-2
Added Pin To Net: NetName=NetU2_14 Pin=*2-3
Added Pin To Net: NetName=GND Pin=R12-1
Added Pin To Net: NetName=NetU2_14 Pin=R15-2
Added Pin To Net: NetName=NetR16_2 Pin=R20-1
Added Pin To Net: NetName=NetR13_2 Pin=R22-1
Added Pin To Net: NetName=NetU2_14 Pin=U2-9
Change Net Name : Old Net Name=NetR12_1 New Net Name=NetR13_1
Change Net Name : Old Net Name=NetR13_1 New Net Name=NetR15_1
Change Net Name : Old Net Name=NetR13_2 New Net Name=Net*2_1
Change Net Name : Old Net Name=NetR16_2 New Net Name=Net*2_2
Change Net Name : Old Net Name=NetU2_14 New Net Name=Net*2_3
Added Pin To Net: NetName=Net*2_4 Pin=*2-4
Added Pin To Net: NetName=Net*2_4 Pin=R19-1
Added Net: Name=Net*2_4
Added Pin To Net: NetName=Net*2_5 Pin=*2-5
Added Pin To Net: NetName=Net*2_5 Pin=R21-1
Added Net: Name=Net*2_5
Added Pin To Net: NetName=Net*2_12 Pin=*2-12
Added Pin To Net: NetName=Net*2_12 Pin=R23-1
Added Net: Name=Net*2_12
Added Pin To Net: NetName=Net*2_13 Pin=*2-13
Added Pin To Net: NetName=Net*2_13 Pin=R26-1
Added Net: Name=Net*2_13
Added Pin To Net: NetName=Net*2_14 Pin=*2-14
Added Pin To Net: NetName=Net*2_14 Pin=R25-1
Added Net: Name=Net*2_14
Added Pin To Net: NetName=Net*2_15 Pin=*2-15
Added Pin To Net: NetName=Net*2_15 Pin=R24-1
Added Net: Name=Net*2_15
Added Pin To Net: NetName=NetR12_2 Pin=R12-2
Added Pin To Net: NetName=NetR12_2 Pin=U2-12
Added Net: Name=NetR12_2
Added Pin To Net: NetName=NetR14_2 Pin=R14-2
Added Pin To Net: NetName=NetR14_2 Pin=R16-2
Added Pin To Net: NetName=NetR14_2 Pin=R18-1
Added Pin To Net: NetName=NetR14_2 Pin=U2-13
Added Net: Name=NetR14_2
Added Pin To Net: NetName=NetR18_2 Pin=R18-2
Added Pin To Net: NetName=NetR18_2 Pin=U2-14
Added Net: Name=NetR18_2
Added Pin To Net: NetName=NetR19_2 Pin=R19-2
Added Pin To Net: NetName=NetR19_2 Pin=R20-2
Added Pin To Net: NetName=NetR19_2 Pin=R21-2
Added Pin To Net: NetName=NetR19_2 Pin=R22-2
Added Pin To Net: NetName=NetR19_2 Pin=R23-2
Added Pin To Net: NetName=NetR19_2 Pin=R24-2
Added Pin To Net: NetName=NetR19_2 Pin=R25-2
Added Pin To Net: NetName=NetR19_2 Pin=R26-2
Added Pin To Net: NetName=NetR19_2 Pin=U2-8
Added Net: Name=NetR19_2
Added Member To Class: ClassName=U_OPA4227 Member=Component R19 Res3
Added Member To Class: ClassName=U_OPA4227 Member=Component R20 Res3
Added Member To Class: ClassName=U_OPA4227 Member=Component R21 Res3
Added Member To Class: ClassName=U_OPA4227 Member=Component R22 Res3
Added Member To Class: ClassName=U_OPA4227 Member=Component R23 Res3
Added Member To Class: ClassName=U_OPA4227 Member=Component R24 Res3
Added Member To Class: ClassName=U_OPA4227 Member=Component R25 Res3
Added Member To Class: ClassName=U_OPA4227 Member=Component R26 Res3
