Removed Pin From Net: NetName=GND_S Pin=C1-1
Removed Pin From Net: NetName=Net*1_1 Pin=C1-2
Removed Pin From Net: NetName=GND_S Pin=C2-1
Removed Pin From Net: NetName=Net*1_1 Pin=C2-2
Removed Pin From Net: NetName=GND_S Pin=C3-1
Removed Pin From Net: NetName=BAT+ Pin=C3-2
Removed Pin From Net: NetName=NetC7_1 Pin=C7-1
Removed Pin From Net: NetName=NetC8_1 Pin=C8-1
Removed Pin From Net: NetName=NetHDR1_3 Pin=HDR1-3
Removed Pin From Net: NetName=NetHDR1_3 Pin=HDR1-4
Removed Pin From Net: NetName=NetC7_1 Pin=S1-2
Removed Pin From Net: NetName=NetC7_1 Pin=S1-2
Removed Pin From Net: NetName=NetC8_1 Pin=U1-1
Removed Pin From Net: NetName=NetC7_1 Pin=U1-2
Change Component DesignItemId : Designator=C1 Old DesignItemId=Cap New DesignItemId=Cap_0603
Change Component DesignItemId : Designator=C2 Old DesignItemId=Cap New DesignItemId=Cap_0603
Change Component DesignItemId : Designator=C3 Old DesignItemId=Cap New DesignItemId=Cap_0603
Change Component Footprint: Designator=C3 Old Footprint=1206 New Footprint=CAP_0603
Change Component Comment : Designator=C1 Old Comment=Cap New Comment=Cap_0603
Change Component Comment : Designator=C2 Old Comment=Cap New Comment=Cap_0603
Change Component Comment : Designator=C3 Old Comment=Cap New Comment=Cap_0603
Change Component Library : Designator=C1 Old Library=Miscellaneous Devices.IntLib New Library=SCH_Passive.SchLib
Change Component Library : Designator=C2 Old Library=Miscellaneous Devices.IntLib New Library=SCH_Passive.SchLib
Added Component: Designator=C1(CAP_0603)
Added Component: Designator=C2(CAP_0603)
Added Component: Designator=C3(1206)
Added Pin To Net: NetName=NetHDR1_3 Pin=*2-11
Added Pin To Net: NetName=GND_S Pin=C1-1
Added Pin To Net: NetName=GND Pin=C1-1
Added Pin To Net: NetName=5V Pin=C1-2
Added Pin To Net: NetName=Net*1_1 Pin=C1-2
Added Pin To Net: NetName=GND_S Pin=C2-1
Added Pin To Net: NetName=GND Pin=C2-1
Added Pin To Net: NetName=3.3V Pin=C2-2
Added Pin To Net: NetName=Net*1_1 Pin=C2-2
Added Pin To Net: NetName=GND_S Pin=C3-1
Added Pin To Net: NetName=GND Pin=C3-1
Added Pin To Net: NetName=BAT+ Pin=C3-2
Added Pin To Net: NetName=NetC7_1 Pin=C3-2
Added Pin To Net: NetName=5V Pin=C7-1
Added Pin To Net: NetName=-5V Pin=C8-1
Added Pin To Net: NetName=3.3V Pin=HDR1-3
Added Pin To Net: NetName=3.3V Pin=HDR1-4
Added Pin To Net: NetName=NetC8_1 Pin=S1-2
Added Pin To Net: NetName=NetC8_1 Pin=S1-2
Added Pin To Net: NetName=-5V Pin=U1-1
Added Pin To Net: NetName=5V Pin=U1-2
Change Net Name : Old Net Name=NetC7_1 New Net Name=NetC3_2
Change Net Name : Old Net Name=NetC8_1 New Net Name=NetS1_2
Change Net Name : Old Net Name=NetHDR1_3 New Net Name=Net*2_11
Added Pin To Net: NetName=Net*2_6 Pin=*2-6
Added Net: Name=Net*2_6
Added Pin To Net: NetName=Net*2_9 Pin=*2-9
Added Net: Name=Net*2_9
Added Pin To Net: NetName=Net*2_10 Pin=*2-10
Added Net: Name=Net*2_10
Added Class: Name=U_SP6205
Added Room: Name=U_SP6205
