Added Component: Designator=*1(ESOP-8)
Added Component: Designator=BT1(BAT-2)
Added Component: Designator=C1(CAP_0603)
Added Component: Designator=C2(CAP_0603)
Added Component: Designator=C3(1206)
Added Component: Designator=C4(CB2)
Added Component: Designator=C5(1206)
Added Component: Designator=C6(CAP_0603)
Added Component: Designator=D1(LED_0603_RED)
Added Component: Designator=L1(VLF4012_2R2)
Added Component: Designator=R1(RES_0603)
Added Component: Designator=R2(RES_0603)
Added Component: Designator=R3(RES_0603)
Added Component: Designator=R4(RES_0603)
Added Pin To Net: NetName=BAT+ Pin=*1-2
Added Pin To Net: NetName=BAT+ Pin=BT1-1
Added Pin To Net: NetName=BAT+ Pin=C3-2
Added Pin To Net: NetName=BAT+ Pin=L1-1
Added Pin To Net: NetName=BAT+ Pin=R2-2
Added Pin To Net: NetName=BAT+ Pin=R3-2
Added Net: Name=BAT+
Added Pin To Net: NetName=GND Pin=*1-6
Added Pin To Net: NetName=GND Pin=*1-9
Added Pin To Net: NetName=GND Pin=BT1-2
Added Pin To Net: NetName=GND Pin=C1-1
Added Pin To Net: NetName=GND Pin=C2-1
Added Pin To Net: NetName=GND Pin=C3-1
Added Pin To Net: NetName=GND Pin=C4-2
Added Pin To Net: NetName=GND Pin=C5-1
Added Pin To Net: NetName=GND Pin=C6-1
Added Pin To Net: NetName=GND Pin=D1-2
Added Pin To Net: NetName=GND Pin=R1-1
Added Net: Name=GND
Added Pin To Net: NetName=Net*1_1 Pin=*1-1
Added Pin To Net: NetName=Net*1_1 Pin=C1-2
Added Pin To Net: NetName=Net*1_1 Pin=C2-2
Added Net: Name=Net*1_1
Added Pin To Net: NetName=Net*1_3 Pin=*1-3
Added Pin To Net: NetName=Net*1_3 Pin=R2-1
Added Net: Name=Net*1_3
Added Pin To Net: NetName=Net*1_4 Pin=*1-4
Added Pin To Net: NetName=Net*1_4 Pin=L1-2
Added Net: Name=Net*1_4
Added Pin To Net: NetName=Net*1_5 Pin=*1-5
Added Pin To Net: NetName=Net*1_5 Pin=C4-1
Added Pin To Net: NetName=Net*1_5 Pin=C5-2
Added Pin To Net: NetName=Net*1_5 Pin=C6-2
Added Net: Name=Net*1_5
Added Pin To Net: NetName=Net*1_7 Pin=*1-7
Added Pin To Net: NetName=Net*1_7 Pin=R4-2
Added Net: Name=Net*1_7
Added Pin To Net: NetName=Net*1_8 Pin=*1-8
Added Pin To Net: NetName=Net*1_8 Pin=R1-2
Added Net: Name=Net*1_8
Added Pin To Net: NetName=NetD1_1 Pin=D1-1
Added Pin To Net: NetName=NetD1_1 Pin=R4-1
Added Net: Name=NetD1_1
Added Class: Name=U_ETA9640
