Removed Pin From Net: NetName=NetR10_1 Pin=R10-1
Removed Pin From Net: NetName=NetR10_1 Pin=R11-2
Removed Pin From Net: NetName=NetR15_1 Pin=R15-1
Removed Pin From Net: NetName=NetU2_1 Pin=U2-1
Removed Pin From Net: NetName=NetU2_1 Pin=U2-2
Removed Pin From Net: NetName=NetR7_1 Pin=U2-3
Removed Pin From Net: NetName=NetR10_1 Pin=U2-5
Removed Pin From Net: NetName=NetR15_1 Pin=U2-6
Removed Pin From Net: NetName=NetR15_1 Pin=U2-7
Removed Pin From Net: NetName=NetR19_2 Pin=U2-8
Removed Pin From Net: NetName=Net*2_3 Pin=U2-9
Removed Pin From Net: NetName=GND Pin=U2-10
Change Component Designator: OldDesignator=R10 NewDesignator=R11
Change Component Designator: OldDesignator=R11 NewDesignator=R14
Change Component Designator: OldDesignator=R12 NewDesignator=R10
Change Component Designator: OldDesignator=R13 NewDesignator=R16
Change Component Designator: OldDesignator=R14 NewDesignator=R13
Change Component Designator: OldDesignator=R15 NewDesignator=R18
Change Component Designator: OldDesignator=R16 NewDesignator=R15
Change Component Designator: OldDesignator=R17 NewDesignator=R20
Change Component Designator: OldDesignator=R18 NewDesignator=R17
Change Component Designator: OldDesignator=R19 NewDesignator=R21
Change Component Designator: OldDesignator=R20 NewDesignator=R22
Change Component Designator: OldDesignator=R21 NewDesignator=R23
Change Component Designator: OldDesignator=R22 NewDesignator=R24
Change Component Designator: OldDesignator=R23 NewDesignator=R25
Change Component Designator: OldDesignator=R24 NewDesignator=R26
Change Component Designator: OldDesignator=R25 NewDesignator=R27
Change Component Designator: OldDesignator=R26 NewDesignator=R28
Added Component: Designator=D2(DO-35)
Added Component: Designator=D3(DO-35)
Added Component: Designator=R12(RES_0603)
Added Component: Designator=R19(RES_0603)
Added Pin To Net: NetName=NetR10_1 Pin=D2-1
Added Pin To Net: NetName=3.3V Pin=D2-2
Added Pin To Net: NetName=GND Pin=D3-1
Added Pin To Net: NetName=NetR10_1 Pin=D3-2
Added Pin To Net: NetName=NetR15_1 Pin=R11-1
Added Pin To Net: NetName=NetR18_2 Pin=R12-1
Added Pin To Net: NetName=NetU2_1 Pin=R13-1
Added Pin To Net: NetName=NetR15_1 Pin=R14-2
Added Pin To Net: NetName=NetR19_2 Pin=R15-1
Added Pin To Net: NetName=NetR10_1 Pin=R19-2
Added Pin To Net: NetName=NetR15_1 Pin=U2-3
Added Pin To Net: NetName=GND Pin=U2-5
Added Pin To Net: NetName=Net*2_3 Pin=U2-6
Added Pin To Net: NetName=NetR19_2 Pin=U2-7
Added Pin To Net: NetName=NetU2_1 Pin=U2-8
Added Pin To Net: NetName=NetU2_1 Pin=U2-9
Added Pin To Net: NetName=NetR7_1 Pin=U2-10
Change Net Name : Old Net Name=NetR10_1 New Net Name=NetD2_1
Change Net Name : Old Net Name=NetR11_1 New Net Name=NetR14_1
Change Net Name : Old Net Name=NetR12_2 New Net Name=NetR10_2
Change Net Name : Old Net Name=NetR13_1 New Net Name=NetR16_1
Change Net Name : Old Net Name=NetR14_2 New Net Name=NetR13_2
Change Net Name : Old Net Name=NetR15_1 New Net Name=NetR11_1
Change Net Name : Old Net Name=NetR18_2 New Net Name=NetR12_1
Change Net Name : Old Net Name=NetR19_2 New Net Name=NetR15_1
Change Net Name : Old Net Name=NetU2_1 New Net Name=NetR13_1
Added Pin To Net: NetName=NetR12_2 Pin=R12-2
Added Pin To Net: NetName=NetR12_2 Pin=R19-1
Added Net: Name=NetR12_2
Added Pin To Net: NetName=NetR18_1 Pin=R18-1
Added Pin To Net: NetName=NetR18_1 Pin=U2-1
Added Pin To Net: NetName=NetR18_1 Pin=U2-2
Added Net: Name=NetR18_1
Added Member To Class: ClassName=U_OPA4227 Member=Component D2 Diode 1N4148
Added Member To Class: ClassName=U_OPA4227 Member=Component D3 Diode 1N4148
Added Member To Class: ClassName=U_OPA4227 Member=Component R27 Res3
Added Member To Class: ClassName=U_OPA4227 Member=Component R28 Res3
