Added Pin To Net: NetName=5V Pin=C7-1
Added Pin To Net: NetName=-5V Pin=C8-1
Added Pin To Net: NetName=3.3V Pin=HDR1-3
Added Pin To Net: NetName=3.3V Pin=HDR1-4
Added Pin To Net: NetName=-5V Pin=U1-1
Added Pin To Net: NetName=5V Pin=U1-2
Added Pin To Net: NetName=Net*2_6 Pin=*2-6
Added Net: Name=Net*2_6
Added Pin To Net: NetName=Net*2_9 Pin=*2-9
Added Net: Name=Net*2_9
Added Pin To Net: NetName=Net*2_10 Pin=*2-10
Added Net: Name=Net*2_10
Added Pin To Net: NetName=Net*2_11 Pin=*2-11
Added Net: Name=Net*2_11
Added Pin To Net: NetName=NetS1_2 Pin=S1-2
Added Pin To Net: NetName=NetS1_2 Pin=S1-2
Added Net: Name=NetS1_2
Added Member To Class: ClassName=U_ETA9640 Member=Component C1 Cap
Added Member To Class: ClassName=U_ETA9640 Member=Component C2 Cap
Added Member To Class: ClassName=U_ETA9640 Member=Component C3 Cap
