Removed Pin From Net: NetName=NetR18_1 Pin=U2-1
Removed Pin From Net: NetName=NetR18_1 Pin=U2-2
Removed Pin From Net: NetName=NetR11_1 Pin=U2-3
Removed Pin From Net: NetName=5V Pin=U2-4
Removed Pin From Net: NetName=GND Pin=U2-5
Removed Pin From Net: NetName=Net*2_3 Pin=U2-6
Removed Pin From Net: NetName=NetR15_1 Pin=U2-7
Removed Pin From Net: NetName=NetR13_1 Pin=U2-8
Removed Pin From Net: NetName=NetR13_1 Pin=U2-9
Removed Pin From Net: NetName=NetR7_1 Pin=U2-10
Removed Pin From Net: NetName=-5V Pin=U2-11
Removed Pin From Net: NetName=NetR10_2 Pin=U2-12
Removed Pin From Net: NetName=NetR13_2 Pin=U2-13
Removed Pin From Net: NetName=NetR12_1 Pin=U2-14
Added Component: Designator=C14(CAP_0603)
Added Component: Designator=C15(CAP_0603)
Added Component: Designator=C16(CAP_0603)
Added Component: Designator=SP1(SOT23-5)
Added Pin To Net: NetName=GND Pin=C14-1
Added Pin To Net: NetName=5V Pin=C14-2
Added Pin To Net: NetName=GND Pin=C15-1
Added Pin To Net: NetName=3.3V Pin=C15-2
Added Pin To Net: NetName=GND Pin=C16-1
Added Pin To Net: NetName=5V Pin=SP1-1
Added Pin To Net: NetName=GND Pin=SP1-2
Added Pin To Net: NetName=5V Pin=SP1-3
Added Pin To Net: NetName=3.3V Pin=SP1-5
Added Pin To Net: NetName=NetR13_1 Pin=U2-1
Added Pin To Net: NetName=NetR13_1 Pin=U2-2
Added Pin To Net: NetName=NetR7_1 Pin=U2-3
Added Pin To Net: NetName=NetR10_2 Pin=U2-5
Added Pin To Net: NetName=NetR13_2 Pin=U2-6
Added Pin To Net: NetName=NetR12_1 Pin=U2-7
Added Pin To Net: NetName=NetR18_1 Pin=U2-8
Added Pin To Net: NetName=NetR18_1 Pin=U2-9
Added Pin To Net: NetName=NetR11_1 Pin=U2-10
Added Pin To Net: NetName=GND Pin=U2-12
Added Pin To Net: NetName=Net*2_3 Pin=U2-13
Added Pin To Net: NetName=NetR15_1 Pin=U2-14
Added Pin To Net: NetName=NetC16_2 Pin=C16-2
Added Pin To Net: NetName=NetC16_2 Pin=SP1-4
Added Net: Name=NetC16_2
Added Class: Name=U_SP6205
Added Member To Class: ClassName=U_ETA9640 Member=Component C1 Cap
Added Member To Class: ClassName=U_ETA9640 Member=Component C2 Cap
Added Member To Class: ClassName=U_ETA9640 Member=Component C3 Cap
Added Room: Name=U_SP6205
