Removed Pin From Net: NetName=GND Pin=C12-1
Removed Pin From Net: NetName=PROBE_I2 Pin=C12-2
Removed Pin From Net: NetName=GND Pin=C13-1
Removed Pin From Net: NetName=PROBE_I1 Pin=C13-2
Removed Pin From Net: NetName=PROBE_CH2 Pin=D4-2
Removed Pin From Net: NetName=PROBE_CH1 Pin=D5-2
Removed Pin From Net: NetName=3V3 Pin=Q1-2
Removed Pin From Net: NetName=3V3 Pin=Q2-2
Removed Pin From Net: NetName=3V3 Pin=R14-2
Removed Pin From Net: NetName=3V3 Pin=R15-2
Removed Pin From Net: NetName=PROBE_O2 Pin=R16-1
Removed Pin From Net: NetName=PROBE_O1 Pin=R17-1
Removed Pin From Net: NetName=PROBE_I2 Pin=R18-1
Removed Pin From Net: NetName=PROBE_CH2 Pin=R18-2
Removed Pin From Net: NetName=PROBE_I1 Pin=R19-1
Removed Pin From Net: NetName=PROBE_CH1 Pin=R19-2
Removed Pin From Net: NetName=GND Pin=R20-1
Removed Pin From Net: NetName=PROBE_I2 Pin=R20-2
Removed Pin From Net: NetName=GND Pin=R21-1
Removed Pin From Net: NetName=PROBE_I1 Pin=R21-2
