Added Component: Designator=U1(LQFP48_N)
Added Pin To Net: NetName=LED_B Pin=U1-2
Added Pin To Net: NetName=LED_G Pin=U1-3
Added Pin To Net: NetName=LED_R Pin=U1-4
Added Pin To Net: NetName=RST Pin=U1-7
Added Pin To Net: NetName=GND Pin=U1-8
Added Pin To Net: NetName=VDDA Pin=U1-9
Added Pin To Net: NetName=COMP1_INP Pin=U1-10
Added Pin To Net: NetName=PROBE_S1 Pin=U1-11
Added Pin To Net: NetName=PROBE_S2 Pin=U1-12
Added Pin To Net: NetName=PROBE_S3 Pin=U1-13
Added Pin To Net: NetName=DAC_OUT Pin=U1-14
Added Pin To Net: NetName=SOUND_OUT Pin=U1-15
Added Pin To Net: NetName=PROBE_S4 Pin=U1-16
Added Pin To Net: NetName=NetU1_17 Pin=U1-17
Added Pin To Net: NetName=PROBE_I0 Pin=U1-18
Added Pin To Net: NetName=PROBE_CH2 Pin=U1-19
Added Pin To Net: NetName=NetU1_20 Pin=U1-20
Added Pin To Net: NetName=EXP_01 Pin=U1-21
Added Pin To Net: NetName=EXP_02 Pin=U1-22
Added Pin To Net: NetName=GND Pin=U1-23
Added Pin To Net: NetName=3V3 Pin=U1-24
Added Pin To Net: NetName=EXP_03 Pin=U1-25
Added Pin To Net: NetName=EXP_04 Pin=U1-26
Added Pin To Net: NetName=EXP_05 Pin=U1-27
Added Pin To Net: NetName=EXP_06 Pin=U1-28
Added Pin To Net: NetName=EXP_ID2 Pin=U1-29
Added Pin To Net: NetName=EXP_07 Pin=U1-30
Added Pin To Net: NetName=EXP_08 Pin=U1-31
Added Pin To Net: NetName=USB_DM Pin=U1-32
Added Pin To Net: NetName=USB_DP Pin=U1-33
Added Pin To Net: NetName=SW_DIO Pin=U1-34
Added Pin To Net: NetName=GND Pin=U1-35
Added Pin To Net: NetName=3V3 Pin=U1-36
Added Pin To Net: NetName=SW_CLK Pin=U1-37
Added Pin To Net: NetName=EXP_ID1 Pin=U1-38
Added Pin To Net: NetName=1.5V Pin=U1-39
Added Pin To Net: NetName=COMP_INP Pin=U1-40
Added Pin To Net: NetName=NetU1_41 Pin=U1-41
Added Pin To Net: NetName=NetU1_42 Pin=U1-42
Added Pin To Net: NetName=NetU1_43 Pin=U1-43
Added Pin To Net: NetName=BOOT0 Pin=U1-44
Added Pin To Net: NetName=NetU1_45 Pin=U1-45
Added Pin To Net: NetName=NetU1_46 Pin=U1-46
Added Pin To Net: NetName=GND Pin=U1-47
Added Pin To Net: NetName=3V3 Pin=U1-48
Added Member To Class: ClassName=MCU Member=Component U1 STM32L151C8T6
