Added Component: Designator=R8(RES_0603)
Added Component: Designator=R22(RES_0603)
Added Component: Designator=R23(RES_0603)
Added Component: Designator=R24(RES_0603)
Added Component: Designator=R25(RES_0603)
Added Component: Designator=R26(RES_0603)
Added Pin To Net: NetName=NetC7_2 Pin=R8-1
Added Pin To Net: NetName=3V3 Pin=R8-2
Added Pin To Net: NetName=NetR22_1 Pin=R22-1
Added Pin To Net: NetName=NetC7_2 Pin=R22-2
Added Pin To Net: NetName=GND Pin=R23-1
Added Pin To Net: NetName=NetC7_2 Pin=R23-2
Added Pin To Net: NetName=NetR24_1 Pin=R24-1
Added Pin To Net: NetName=NetR22_1 Pin=R24-2
Added Pin To Net: NetName=1.5V Pin=R25-1
Added Pin To Net: NetName=3V3 Pin=R25-2
Added Pin To Net: NetName=GND Pin=R26-1
Added Pin To Net: NetName=1.5V Pin=R26-2
Added Member To Class: ClassName=U_MicroMultimeter_PHONECNT_Sch Member=Component R8 Res_0603
Added Member To Class: ClassName=U_MicroMultimeter_PHONECNT_Sch Member=Component R22 Res_0603
Added Member To Class: ClassName=U_MicroMultimeter_PHONECNT_Sch Member=Component R23 Res_0603
Added Member To Class: ClassName=U_MicroMultimeter_PHONECNT_Sch Member=Component R24 Res_0603
Added Member To Class: ClassName=U_MicroMultimeter_PHONECNT_Sch Member=Component R25 Res_0603
Added Member To Class: ClassName=U_MicroMultimeter_PHONECNT_Sch Member=Component R26 Res_0603
