Removed Pin From Net: NetName=GND Pin=C9-1
Removed Pin From Net: NetName=VDDA Pin=C9-2
Change Component DesignItemId : Designator=C9 Old DesignItemId=Cap_0603 New DesignItemId=Cap
Change Component Comment : Designator=C9 Old Comment=Cap_0603 New Comment=Cap
Change Component Library : Designator=C9 Old Library=SCH_Passive.SchLib New Library=Miscellaneous Devices.IntLib
Added Component: Designator=C9(CAP_0603)
Added Component: Designator=R28(RES_0603)
Added Component: Designator=R29(RES_0603)
Added Pin To Net: NetName=GND Pin=C9-1
Added Pin To Net: NetName=VDDA Pin=C9-2
Added Pin To Net: NetName=NetU18_6 Pin=R28-1
Added Pin To Net: NetName=GND Pin=R29-2
Change Net Name : Old Net Name=NetU18_6 New Net Name=NetR28_1
Added Pin To Net: NetName=NetC9_1 Pin=C9-1
Added Pin To Net: NetName=NetC9_1 Pin=R28-2
Added Pin To Net: NetName=NetC9_1 Pin=R29-1
Added Net: Name=NetC9_1
Added Pin To Net: NetName=TO_PHONE Pin=C9-2
Added Pin To Net: NetName=TO_PHONE Pin=MC_1-1
Added Net: Name=TO_PHONE
Added Member To Class: ClassName=U_MicroMultimeter_PHONECNT_Sch Member=Component C9 Cap
Added Member To Class: ClassName=U_MicroMultimeter_PHONECNT_Sch Member=Component R28 Res_0603
Added Member To Class: ClassName=U_MicroMultimeter_PHONECNT_Sch Member=Component R29 Res_0603
